<?xml version="1.0" encoding="UTF-8"?>
<testsuites name="jest tests" tests="5" failures="0" errors="0" time="5.824">
  <testsuite name="Q7" errors="0" failures="0" skipped="0" timestamp="2022-02-03T10:25:22" time="4.478" tests="5">
    <testcase classname="Q7 Q7Component should create" name="Q7 Q7Component should create" time="0.09">
    </testcase>
    <testcase classname="Q7 Q7Component should input value emits correctly" name="Q7 Q7Component should input value emits correctly" time="0.031">
    </testcase>
    <testcase classname="Q7 Q7Component should p tag contains what has been typed on input" name="Q7 Q7Component should p tag contains what has been typed on input" time="0.017">
    </testcase>
    <testcase classname="Q7 CoolCasePipe should create an instance" name="Q7 CoolCasePipe should create an instance" time="0.004">
    </testcase>
    <testcase classname="Q7 CoolCasePipe transform should return the coolest text format" name="Q7 CoolCasePipe transform should return the coolest text format" time="0.003">
    </testcase>
  </testsuite>
</testsuites>