<?xml version="1.0" encoding="UTF-8"?>
<testsuites name="jest tests" tests="3" failures="0" errors="0" time="6.202">
  <testsuite name="Q1Component" errors="0" failures="0" skipped="0" timestamp="2022-02-02T17:15:36" time="4.755" tests="3">
    <testcase classname="Q1Component should create" name="Q1Component should create" time="0.077">
    </testcase>
    <testcase classname="Q1Component setCounter should increase the counter" name="Q1Component setCounter should increase the counter" time="0.032">
    </testcase>
    <testcase classname="Q1Component setCounter should decrease the counter" name="Q1Component setCounter should decrease the counter" time="0.014">
    </testcase>
  </testsuite>
</testsuites>