<?xml version="1.0" encoding="UTF-8"?>
<testsuites name="jest tests" tests="9" failures="0" errors="0" time="6.249">
  <testsuite name="Q15" errors="0" failures="0" skipped="0" timestamp="2022-02-06T14:55:46" time="4.808" tests="9">
    <testcase classname="Q15 Q15Component should create" name="Q15 Q15Component should create" time="0.082">
    </testcase>
    <testcase classname="Q15 Q15Component should users not to be defined until button clicked" name="Q15 Q15Component should users not to be defined until button clicked" time="0.024">
    </testcase>
    <testcase classname="Q15 Q15Component should users to be defined after button clicked" name="Q15 Q15Component should users to be defined after button clicked" time="0.033">
    </testcase>
    <testcase classname="Q15 Q15Component getAllUsers should method called after button clicked" name="Q15 Q15Component getAllUsers should method called after button clicked" time="0.016">
    </testcase>
    <testcase classname="Q15 Q15Component getAllUsers should method called after button clicked" name="Q15 Q15Component getAllUsers should method called after button clicked" time="0.027">
    </testcase>
    <testcase classname="Q15 Q15Component getAllUsers should li element not exist until button clicked" name="Q15 Q15Component getAllUsers should li element not exist until button clicked" time="0.022">
    </testcase>
    <testcase classname="Q15 Q15Component getAllUsers should li element exist after button clicked" name="Q15 Q15Component getAllUsers should li element exist after button clicked" time="0.022">
    </testcase>
    <testcase classname="Q15 Q15Service should create" name="Q15 Q15Service should create" time="0.005">
    </testcase>
    <testcase classname="Q15 Q15Service getUsers should return users from constant user list data" name="Q15 Q15Service getUsers should return users from constant user list data" time="0.004">
    </testcase>
  </testsuite>
</testsuites>