<?xml version="1.0" encoding="UTF-8"?>
<testsuites name="jest tests" tests="6" failures="0" errors="0" time="3.95">
  <testsuite name="Q19" errors="0" failures="0" skipped="0" timestamp="2022-02-05T14:46:15" time="2.987" tests="6">
    <testcase classname="Q19 should create" name="Q19 should create" time="0.063">
    </testcase>
    <testcase classname="Q19 setSize should small button triggers class correctly" name="Q19 setSize should small button triggers class correctly" time="0.03">
    </testcase>
    <testcase classname="Q19 setSize should normal button triggers class correctly" name="Q19 setSize should normal button triggers class correctly" time="0.023">
    </testcase>
    <testcase classname="Q19 setSize should large button triggers class correctly" name="Q19 setSize should large button triggers class correctly" time="0.009">
    </testcase>
    <testcase classname="Q19 setVisibility should hidden button triggers visibility style correctly" name="Q19 setVisibility should hidden button triggers visibility style correctly" time="0.019">
    </testcase>
    <testcase classname="Q19 setVisibility should visible button triggers visibility style correctly" name="Q19 setVisibility should visible button triggers visibility style correctly" time="0.014">
    </testcase>
  </testsuite>
</testsuites>