<?xml version="1.0" encoding="UTF-8"?>
<testsuites name="jest tests" tests="7" failures="0" errors="0" time="6.094">
  <testsuite name="Q4" errors="0" failures="0" skipped="6" timestamp="2022-02-02T20:18:18" time="4.634" tests="7">
    <testcase classname="Q4 Q4Component should create" name="Q4 Q4Component should create" time="0">
      <skipped/>
    </testcase>
    <testcase classname="Q4 Q4Component addItem should increase the counter after clicking the button" name="Q4 Q4Component addItem should increase the counter after clicking the button" time="0">
      <skipped/>
    </testcase>
    <testcase classname="Q4 Q4Component addItem should child component temp not exist in the beginning" name="Q4 Q4Component addItem should child component temp not exist in the beginning" time="0">
      <skipped/>
    </testcase>
    <testcase classname="Q4 Q4Component addItem should child component temp exist after clicking the button" name="Q4 Q4Component addItem should child component temp exist after clicking the button" time="0">
      <skipped/>
    </testcase>
    <testcase classname="Q4 Q4ChildComponent should create" name="Q4 Q4ChildComponent should create" time="0">
      <skipped/>
    </testcase>
    <testcase classname="Q4 Q4ChildComponent should p tag repeats as value" name="Q4 Q4ChildComponent should p tag repeats as value" time="0">
      <skipped/>
    </testcase>
    <testcase classname="Q4 Q4ChildComponent should p tag text contains the for loop index" name="Q4 Q4ChildComponent should p tag text contains the for loop index" time="0.264">
    </testcase>
  </testsuite>
</testsuites>