<?xml version="1.0" encoding="UTF-8"?>
<testsuites name="jest tests" tests="33" failures="0" errors="0" time="7.112">
  <testsuite name="AppComponent" errors="0" failures="0" skipped="0" timestamp="2022-02-02T22:20:14" time="3.603" tests="2">
    <testcase classname="AppComponent should create" name="AppComponent should create" time="0.075">
    </testcase>
    <testcase classname="AppComponent should have as title &apos;BlueMark-academy&apos;" name="AppComponent should have as title &apos;BlueMark-academy&apos;" time="0.017">
    </testcase>
  </testsuite>
  <testsuite name="Q1Component" errors="0" failures="0" skipped="0" timestamp="2022-02-02T22:20:14" time="3.828" tests="3">
    <testcase classname="Q1Component should create" name="Q1Component should create" time="0.095">
    </testcase>
    <testcase classname="Q1Component setCounter should increase the counter" name="Q1Component setCounter should increase the counter" time="0.06">
    </testcase>
    <testcase classname="Q1Component setCounter should decrease the counter" name="Q1Component setCounter should decrease the counter" time="0.017">
    </testcase>
  </testsuite>
  <testsuite name="Q4" errors="0" failures="0" skipped="0" timestamp="2022-02-02T22:20:14" time="3.869" tests="7">
    <testcase classname="Q4 Q4Component should create" name="Q4 Q4Component should create" time="0.102">
    </testcase>
    <testcase classname="Q4 Q4Component addItem should increase the counter after clicking the button" name="Q4 Q4Component addItem should increase the counter after clicking the button" time="0.035">
    </testcase>
    <testcase classname="Q4 Q4Component addItem should child component temp not exist in the beginning" name="Q4 Q4Component addItem should child component temp not exist in the beginning" time="0.048">
    </testcase>
    <testcase classname="Q4 Q4Component addItem should child component temp exist after clicking the button" name="Q4 Q4Component addItem should child component temp exist after clicking the button" time="0.026">
    </testcase>
    <testcase classname="Q4 Q4ChildComponent should create" name="Q4 Q4ChildComponent should create" time="0.03">
    </testcase>
    <testcase classname="Q4 Q4ChildComponent should p tag repeats as value" name="Q4 Q4ChildComponent should p tag repeats as value" time="0.025">
    </testcase>
    <testcase classname="Q4 Q4ChildComponent should p tag text contains the for loop index" name="Q4 Q4ChildComponent should p tag text contains the for loop index" time="0.012">
    </testcase>
  </testsuite>
  <testsuite name="Q2Component" errors="0" failures="0" skipped="0" timestamp="2022-02-02T22:20:14" time="3.88" tests="2">
    <testcase classname="Q2Component should create" name="Q2Component should create" time="0.143">
    </testcase>
    <testcase classname="Q2Component search should search text bind into p html element" name="Q2Component search should search text bind into p html element" time="0.026">
    </testcase>
  </testsuite>
  <testsuite name="Q5" errors="0" failures="0" skipped="0" timestamp="2022-02-02T22:20:14" time="3.85" tests="6">
    <testcase classname="Q5 Q5Component should create" name="Q5 Q5Component should create" time="0.113">
    </testcase>
    <testcase classname="Q5 Q5Component onSubmit should set the name variable what has been sent to the method as a param" name="Q5 Q5Component onSubmit should set the name variable what has been sent to the method as a param" time="0.034">
    </testcase>
    <testcase classname="Q5 Q5Component onSubmit should p tag repeats as value" name="Q5 Q5Component onSubmit should p tag repeats as value" time="0.018">
    </testcase>
    <testcase classname="Q5 Q5ChildComponent should create" name="Q5 Q5ChildComponent should create" time="0.025">
    </testcase>
    <testcase classname="Q5 Q5ChildComponent should input value bind to value variable" name="Q5 Q5ChildComponent should input value bind to value variable" time="0.02">
    </testcase>
    <testcase classname="Q5 Q5ChildComponent should button emits the input value through submit output" name="Q5 Q5ChildComponent should button emits the input value through submit output" time="0.014">
    </testcase>
  </testsuite>
  <testsuite name="Q3Component" errors="0" failures="0" skipped="0" timestamp="2022-02-02T22:20:14" time="3.892" tests="8">
    <testcase classname="Q3Component should create" name="Q3Component should create" time="0.119">
    </testcase>
    <testcase classname="Q3Component search should search text bind into p html element" name="Q3Component search should search text bind into p html element" time="0.055">
    </testcase>
    <testcase classname="Q3Component fruits should return filtered Banana from the list regarding the search value" name="Q3Component fruits should return filtered Banana from the list regarding the search value" time="0.056">
    </testcase>
    <testcase classname="Q3Component fruits should return filtered Apple from the list regarding the search value" name="Q3Component fruits should return filtered Apple from the list regarding the search value" time="0.025">
    </testcase>
    <testcase classname="Q3Component fruits should return filtered Watermelon from the list regarding the search value" name="Q3Component fruits should return filtered Watermelon from the list regarding the search value" time="0.027">
    </testcase>
    <testcase classname="Q3Component fruits should return filtered Mango from the list regarding the search value" name="Q3Component fruits should return filtered Mango from the list regarding the search value" time="0.024">
    </testcase>
    <testcase classname="Q3Component fruits should li elements counter equals to filtered fruit list if fruits.length &gt; 0" name="Q3Component fruits should li elements counter equals to filtered fruit list if fruits.length &gt; 0" time="0.017">
    </testcase>
    <testcase classname="Q3Component fruits should li element show emptyValue text if fruits.length === 0" name="Q3Component fruits should li element show emptyValue text if fruits.length === 0" time="0.014">
    </testcase>
  </testsuite>
  <testsuite name="Q6Component" errors="0" failures="0" skipped="0" timestamp="2022-02-02T22:20:14" time="4.827" tests="5">
    <testcase classname="Q6Component should create" name="Q6Component should create" time="0.064">
    </testcase>
    <testcase classname="Q6Component should button has to be disabled if name input is empty" name="Q6Component should button has to be disabled if name input is empty" time="0.035">
    </testcase>
    <testcase classname="Q6Component should button not to be disabled if name input is not empty" name="Q6Component should button not to be disabled if name input is not empty" time="0.032">
    </testcase>
    <testcase classname="Q6Component onSubmit should p tag not exist until form register completed" name="Q6Component onSubmit should p tag not exist until form register completed" time="0.013">
    </testcase>
    <testcase classname="Q6Component onSubmit should p tag contains the name has been submitted from register form" name="Q6Component onSubmit should p tag contains the name has been submitted from register form" time="0.024">
    </testcase>
  </testsuite>
</testsuites>