<?xml version="1.0" encoding="UTF-8"?>
<testsuites name="jest tests" tests="28" failures="0" errors="0" time="6.885">
  <testsuite name="AppComponent" errors="0" failures="0" skipped="0" timestamp="2022-02-02T21:41:34" time="3.38" tests="2">
    <testcase classname="AppComponent should create" name="AppComponent should create" time="0.05">
    </testcase>
    <testcase classname="AppComponent should have as title &apos;BlueMark-academy&apos;" name="AppComponent should have as title &apos;BlueMark-academy&apos;" time="0.057">
    </testcase>
  </testsuite>
  <testsuite name="Q1Component" errors="0" failures="0" skipped="0" timestamp="2022-02-02T21:41:34" time="3.472" tests="3">
    <testcase classname="Q1Component should create" name="Q1Component should create" time="0.082">
    </testcase>
    <testcase classname="Q1Component setCounter should increase the counter" name="Q1Component setCounter should increase the counter" time="0.032">
    </testcase>
    <testcase classname="Q1Component setCounter should decrease the counter" name="Q1Component setCounter should decrease the counter" time="0.029">
    </testcase>
  </testsuite>
  <testsuite name="Q2Component" errors="0" failures="0" skipped="0" timestamp="2022-02-02T21:41:34" time="3.513" tests="2">
    <testcase classname="Q2Component should create" name="Q2Component should create" time="0.148">
    </testcase>
    <testcase classname="Q2Component search should search text bind into p html element" name="Q2Component search should search text bind into p html element" time="0.04">
    </testcase>
  </testsuite>
  <testsuite name="Q4" errors="0" failures="0" skipped="0" timestamp="2022-02-02T21:41:34" time="4.617" tests="7">
    <testcase classname="Q4 Q4Component should create" name="Q4 Q4Component should create" time="0.069">
    </testcase>
    <testcase classname="Q4 Q4Component addItem should increase the counter after clicking the button" name="Q4 Q4Component addItem should increase the counter after clicking the button" time="0.028">
    </testcase>
    <testcase classname="Q4 Q4Component addItem should child component temp not exist in the beginning" name="Q4 Q4Component addItem should child component temp not exist in the beginning" time="0.023">
    </testcase>
    <testcase classname="Q4 Q4Component addItem should child component temp exist after clicking the button" name="Q4 Q4Component addItem should child component temp exist after clicking the button" time="0.017">
    </testcase>
    <testcase classname="Q4 Q4ChildComponent should create" name="Q4 Q4ChildComponent should create" time="0.021">
    </testcase>
    <testcase classname="Q4 Q4ChildComponent should p tag repeats as value" name="Q4 Q4ChildComponent should p tag repeats as value" time="0.009">
    </testcase>
    <testcase classname="Q4 Q4ChildComponent should p tag text contains the for loop index" name="Q4 Q4ChildComponent should p tag text contains the for loop index" time="0.016">
    </testcase>
  </testsuite>
  <testsuite name="Q5" errors="0" failures="0" skipped="0" timestamp="2022-02-02T21:41:34" time="4.64" tests="6">
    <testcase classname="Q5 Q5Component should create" name="Q5 Q5Component should create" time="0.074">
    </testcase>
    <testcase classname="Q5 Q5Component onSubmit should set the name variable what has been sent to the method as a param" name="Q5 Q5Component onSubmit should set the name variable what has been sent to the method as a param" time="0.02">
    </testcase>
    <testcase classname="Q5 Q5Component onSubmit should p tag repeats as value" name="Q5 Q5Component onSubmit should p tag repeats as value" time="0.016">
    </testcase>
    <testcase classname="Q5 Q5ChildComponent should create" name="Q5 Q5ChildComponent should create" time="0.03">
    </testcase>
    <testcase classname="Q5 Q5ChildComponent should input value bind to value variable" name="Q5 Q5ChildComponent should input value bind to value variable" time="0.02">
    </testcase>
    <testcase classname="Q5 Q5ChildComponent should button emits the input value through submit output" name="Q5 Q5ChildComponent should button emits the input value through submit output" time="0.015">
    </testcase>
  </testsuite>
  <testsuite name="Q3Component" errors="0" failures="0" skipped="0" timestamp="2022-02-02T21:41:34" time="4.674" tests="8">
    <testcase classname="Q3Component should create" name="Q3Component should create" time="0.067">
    </testcase>
    <testcase classname="Q3Component search should search text bind into p html element" name="Q3Component search should search text bind into p html element" time="0.032">
    </testcase>
    <testcase classname="Q3Component fruits should return filtered Banana from the list regarding the search value" name="Q3Component fruits should return filtered Banana from the list regarding the search value" time="0.025">
    </testcase>
    <testcase classname="Q3Component fruits should return filtered Apple from the list regarding the search value" name="Q3Component fruits should return filtered Apple from the list regarding the search value" time="0.011">
    </testcase>
    <testcase classname="Q3Component fruits should return filtered Watermelon from the list regarding the search value" name="Q3Component fruits should return filtered Watermelon from the list regarding the search value" time="0.017">
    </testcase>
    <testcase classname="Q3Component fruits should return filtered Mango from the list regarding the search value" name="Q3Component fruits should return filtered Mango from the list regarding the search value" time="0.013">
    </testcase>
    <testcase classname="Q3Component fruits should li elements counter equals to filtered fruit list if fruits.length &gt; 0" name="Q3Component fruits should li elements counter equals to filtered fruit list if fruits.length &gt; 0" time="0.015">
    </testcase>
    <testcase classname="Q3Component fruits should li element show emptyValue text if fruits.length === 0" name="Q3Component fruits should li element show emptyValue text if fruits.length === 0" time="0.017">
    </testcase>
  </testsuite>
</testsuites>