<?xml version="1.0" encoding="UTF-8"?>
<testsuites name="jest tests" tests="11" failures="0" errors="0" time="2.953">
  <testsuite name="Q11" errors="0" failures="0" skipped="0" timestamp="2022-02-04T01:18:47" time="2.09" tests="11">
    <testcase classname="Q11 Q11Component should create" name="Q11 Q11Component should create" time="0.064">
    </testcase>
    <testcase classname="Q11 Q11Component should p element exist with required text if form required error exist" name="Q11 Q11Component should p element exist with required text if form required error exist" time="0.022">
    </testcase>
    <testcase classname="Q11 Q11Component should p element exist with usernameExist text if form usernameExist error exist" name="Q11 Q11Component should p element exist with usernameExist text if form usernameExist error exist" time="0.034">
    </testcase>
    <testcase classname="Q11 Q11Component should p element exist with usernameAvailable text if form usernameAvailable exist" name="Q11 Q11Component should p element exist with usernameAvailable text if form usernameAvailable exist" time="0.029">
    </testcase>
    <testcase classname="Q11 Q11Service should create" name="Q11 Q11Service should create" time="0.004">
    </testcase>
    <testcase classname="Q11 Q11Service checkUsername should return true for ahMet" name="Q11 Q11Service checkUsername should return true for ahMet" time="0.011">
    </testcase>
    <testcase classname="Q11 Q11Service checkUsername should return true for JASPER" name="Q11 Q11Service checkUsername should return true for JASPER" time="0.014">
    </testcase>
    <testcase classname="Q11 Q11Service checkUsername should return true for marta" name="Q11 Q11Service checkUsername should return true for marta" time="0.015">
    </testcase>
    <testcase classname="Q11 Q11Service checkUsername should return false for Jason" name="Q11 Q11Service checkUsername should return false for Jason" time="0.015">
    </testcase>
    <testcase classname="Q11 Q11Service checkUsername should return false for RaMazaN" name="Q11 Q11Service checkUsername should return false for RaMazaN" time="0.013">
    </testcase>
    <testcase classname="Q11 Q11Service checkUsername should return false for UfUK" name="Q11 Q11Service checkUsername should return false for UfUK" time="0.014">
    </testcase>
  </testsuite>
</testsuites>