<?xml version="1.0" encoding="UTF-8"?>
<testsuites name="jest tests" tests="2" failures="0" errors="0" time="3.725">
  <testsuite name="Q2Component" errors="0" failures="0" skipped="1" timestamp="2022-02-02T18:02:42" time="2.806" tests="2">
    <testcase classname="Q2Component should create" name="Q2Component should create" time="0">
      <skipped/>
    </testcase>
    <testcase classname="Q2Component search should search text bind into p html element" name="Q2Component search should search text bind into p html element" time="0.062">
    </testcase>
  </testsuite>
</testsuites>