<?xml version="1.0" encoding="UTF-8"?>
<testsuites name="jest tests" tests="2" failures="0" errors="0" time="5.836">
  <testsuite name="AppComponent" errors="0" failures="0" skipped="0" timestamp="2022-02-02T16:15:32" time="4.407" tests="2">
    <testcase classname="AppComponent should create" name="AppComponent should create" time="0.059">
    </testcase>
    <testcase classname="AppComponent should have as title &apos;BlueMark-academy&apos;" name="AppComponent should have as title &apos;BlueMark-academy&apos;" time="0.022">
    </testcase>
  </testsuite>
</testsuites>