<?xml version="1.0" encoding="UTF-8"?>
<testsuites name="jest tests" tests="10" failures="0" errors="0" time="4.068">
  <testsuite name="Q14" errors="0" failures="0" skipped="0" timestamp="2022-02-04T21:14:36" time="2.832" tests="10">
    <testcase classname="Q14 should create" name="Q14 should create" time="0.075">
    </testcase>
    <testcase classname="Q14 onUpload should p element not exist until button clicked" name="Q14 onUpload should p element not exist until button clicked" time="0.022">
    </testcase>
    <testcase classname="Q14 onUpload should onUpload method called after button clicked" name="Q14 onUpload should onUpload method called after button clicked" time="0.021">
    </testcase>
    <testcase classname="Q14 onUpload should button not to be disabled before button clicked" name="Q14 onUpload should button not to be disabled before button clicked" time="0.013">
    </testcase>
    <testcase classname="Q14 onUpload should button disabled after button clicked" name="Q14 onUpload should button disabled after button clicked" time="0.013">
    </testcase>
    <testcase classname="Q14 onUpload should p element have loading text after button clicked before completed" name="Q14 onUpload should p element have loading text after button clicked before completed" time="0.031">
    </testcase>
    <testcase classname="Q14 onUpload should p element have success text after button clicked after completed" name="Q14 onUpload should p element have success text after button clicked after completed" time="0.047">
    </testcase>
    <testcase classname="Q14 onUpload should counter$ to be defined" name="Q14 onUpload should counter$ to be defined" time="0.044">
    </testcase>
    <testcase classname="Q14 onUpload should progress element value display correctly before it starts" name="Q14 onUpload should progress element value display correctly before it starts" time="0.015">
    </testcase>
    <testcase classname="Q14 onUpload should progress element value display correctly after its completed" name="Q14 onUpload should progress element value display correctly after its completed" time="0.016">
    </testcase>
  </testsuite>
</testsuites>